c:\dev\winhttp\winsock\winsock\debug\vc140.pdb
c:\dev\winhttp\winsock\winsock\debug\vc140.idb
c:\dev\winhttp\winsock\winsock\debug\winhttp.obj
c:\dev\winhttp\winsock\winsock\debug\logging.obj
c:\dev\winhttp\winhttp\winhttp\debug\vc140.pdb
c:\dev\winhttp\winhttp\winhttp\debug\vc140.idb
c:\dev\winhttp\winhttp\winhttp\debug\logging.obj
c:\dev\winhttp\winhttp\winhttp\debug\winhttp.obj
c:\dev\winhttp\winsock\debug\winhttp.ilk
c:\dev\winhttp\winsock\debug\winhttp.exe
c:\dev\winhttp\winsock\debug\winhttp.pdb
c:\dev\winhttp\winhttp\debug\winhttp.pdb
c:\dev\winhttp\winhttp\debug\winhttp.exe
c:\dev\winhttp\winhttp\debug\winhttp.ilk
c:\dev\winhttp\winhttp\winhttp\debug\winhttp.tlog\cl.command.1.tlog
c:\dev\winhttp\winhttp\winhttp\debug\winhttp.tlog\cl.read.1.tlog
c:\dev\winhttp\winhttp\winhttp\debug\winhttp.tlog\cl.write.1.tlog
c:\dev\winhttp\winhttp\winhttp\debug\winhttp.tlog\link.command.1.tlog
c:\dev\winhttp\winhttp\winhttp\debug\winhttp.tlog\link.read.1.tlog
c:\dev\winhttp\winhttp\winhttp\debug\winhttp.tlog\link.write.1.tlog
